[0m10:49:19.223285 [debug] [MainThread]: Sending event: {'category': 'dbt', 'action': 'invocation', 'label': 'start', 'context': [<snowplow_tracker.self_describing_json.SelfDescribingJson object at 0x000001937FB2ABA0>, <snowplow_tracker.self_describing_json.SelfDescribingJson object at 0x000001937F917BC0>, <snowplow_tracker.self_describing_json.SelfDescribingJson object at 0x000001930C1AA660>]}


============================== 10:49:19.238909 | 9078ad72-e7cb-49f3-901e-c7ce9ae14f07 ==============================
[0m10:49:19.238909 [info ] [MainThread]: Running with dbt=1.8.3
[0m10:49:19.238909 [debug] [MainThread]: running dbt with arguments {'printer_width': '80', 'indirect_selection': 'eager', 'log_cache_events': 'False', 'write_json': 'True', 'partial_parse': 'True', 'cache_selected_only': 'False', 'profiles_dir': 'C:\\Users\\eujai\\.dbt', 'debug': 'False', 'warn_error': 'None', 'log_path': 'logs', 'version_check': 'True', 'fail_fast': 'False', 'use_colors': 'True', 'use_experimental_parser': 'False', 'no_print': 'None', 'quiet': 'False', 'empty': 'None', 'warn_error_options': 'WarnErrorOptions(include=[], exclude=[])', 'introspect': 'True', 'log_format': 'default', 'invocation_command': 'dbt init', 'target_path': 'None', 'static_parser': 'True', 'send_anonymous_usage_stats': 'True'}
[0m10:49:19.260115 [warn ] [MainThread]: [ConfigFolderDirectory]: Unable to parse dict {'dir': WindowsPath('C:/Users/eujai/.dbt')}
[0m10:49:19.260115 [info ] [MainThread]: Creating dbt configuration folder at 
[0m10:50:22.054287 [debug] [MainThread]: Starter project path: C:\Users\eujai\repos\dw_zero_project\.venv\Lib\site-packages\dbt\include\starter_project
[0m10:50:22.089657 [info ] [MainThread]: 
Your new dbt project "datawarehouse" was created!

For more information on how to configure the profiles.yml file,
please consult the dbt documentation here:

  https://docs.getdbt.com/docs/configure-your-profile

One more thing:

Need help? Don't hesitate to reach out to us via GitHub issues or on Slack:

  https://community.getdbt.com/

Happy modeling!

[0m10:50:22.089657 [info ] [MainThread]: Setting up your profile.
[0m10:53:43.431423 [info ] [MainThread]: Profile datawarehouse written to C:\Users\eujai\.dbt\profiles.yml using target's profile_template.yml and your supplied values. Run 'dbt debug' to validate the connection.
[0m10:53:43.436777 [debug] [MainThread]: Command `dbt init` succeeded at 10:53:43.436777 after 264.29 seconds
[0m10:53:43.436777 [debug] [MainThread]: Sending event: {'category': 'dbt', 'action': 'invocation', 'label': 'end', 'context': [<snowplow_tracker.self_describing_json.SelfDescribingJson object at 0x000001930BD6B470>, <snowplow_tracker.self_describing_json.SelfDescribingJson object at 0x000001930C0496A0>, <snowplow_tracker.self_describing_json.SelfDescribingJson object at 0x000001930BFE4680>]}
[0m10:53:43.436777 [debug] [MainThread]: Flushing usage events
[0m13:27:48.482374 [debug] [MainThread]: Sending event: {'category': 'dbt', 'action': 'invocation', 'label': 'start', 'context': [<snowplow_tracker.self_describing_json.SelfDescribingJson object at 0x0000025345BE3F50>, <snowplow_tracker.self_describing_json.SelfDescribingJson object at 0x000002534857A330>, <snowplow_tracker.self_describing_json.SelfDescribingJson object at 0x000002534857A480>]}


============================== 13:27:48.487374 | d50bba21-4c03-42cf-8c0a-6f3f2e23fc06 ==============================
[0m13:27:48.487374 [info ] [MainThread]: Running with dbt=1.8.3
[0m13:27:48.488375 [debug] [MainThread]: running dbt with arguments {'printer_width': '80', 'indirect_selection': 'eager', 'write_json': 'True', 'log_cache_events': 'False', 'partial_parse': 'True', 'cache_selected_only': 'False', 'profiles_dir': 'C:\\Users\\eujai\\.dbt', 'debug': 'False', 'fail_fast': 'False', 'log_path': 'logs', 'version_check': 'True', 'warn_error': 'None', 'use_colors': 'True', 'use_experimental_parser': 'False', 'empty': 'None', 'quiet': 'False', 'no_print': 'None', 'warn_error_options': 'WarnErrorOptions(include=[], exclude=[])', 'static_parser': 'True', 'introspect': 'True', 'invocation_command': 'dbt debug', 'target_path': 'None', 'log_format': 'default', 'send_anonymous_usage_stats': 'True'}
[0m13:27:48.521964 [info ] [MainThread]: dbt version: 1.8.3
[0m13:27:48.523078 [info ] [MainThread]: python version: 3.12.1
[0m13:27:48.523078 [info ] [MainThread]: python path: C:\Users\eujai\repos\dw_zero_project\.venv\Scripts\python.exe
[0m13:27:48.524133 [info ] [MainThread]: os info: Windows-11-10.0.22631-SP0
[0m13:27:48.600145 [info ] [MainThread]: Using profiles dir at C:\Users\eujai\.dbt
[0m13:27:48.600145 [info ] [MainThread]: Using profiles.yml file at C:\Users\eujai\.dbt\profiles.yml
[0m13:27:48.602637 [info ] [MainThread]: Using dbt_project.yml file at C:\Users\eujai\repos\dw_zero_project\dbt_project.yml
[0m13:27:48.602637 [info ] [MainThread]: adapter type: postgres
[0m13:27:48.602637 [info ] [MainThread]: adapter version: 1.8.2
[0m13:27:48.602637 [info ] [MainThread]: Configuration:
[0m13:27:48.602637 [info ] [MainThread]:   profiles.yml file [[32mOK found and valid[0m]
[0m13:27:48.602637 [info ] [MainThread]:   dbt_project.yml file [[31mERROR not found[0m]
[0m13:27:48.602637 [info ] [MainThread]: Required dependencies:
[0m13:27:48.602637 [debug] [MainThread]: Executing "git --help"
[0m13:27:48.635814 [debug] [MainThread]: STDOUT: "b"usage: git [--version] [--help] [-C <path>] [-c <name>=<value>]\n           [--exec-path[=<path>]] [--html-path] [--man-path] [--info-path]\n           [-p | --paginate | -P | --no-pager] [--no-replace-objects] [--bare]\n           [--git-dir=<path>] [--work-tree=<path>] [--namespace=<name>]\n           [--super-prefix=<path>] [--config-env=<name>=<envvar>]\n           <command> [<args>]\n\nThese are common Git commands used in various situations:\n\nstart a working area (see also: git help tutorial)\n   clone     Clone a repository into a new directory\n   init      Create an empty Git repository or reinitialize an existing one\n\nwork on the current change (see also: git help everyday)\n   add       Add file contents to the index\n   mv        Move or rename a file, a directory, or a symlink\n   restore   Restore working tree files\n   rm        Remove files from the working tree and from the index\n\nexamine the history and state (see also: git help revisions)\n   bisect    Use binary search to find the commit that introduced a bug\n   diff      Show changes between commits, commit and working tree, etc\n   grep      Print lines matching a pattern\n   log       Show commit logs\n   show      Show various types of objects\n   status    Show the working tree status\n\ngrow, mark and tweak your common history\n   branch    List, create, or delete branches\n   commit    Record changes to the repository\n   merge     Join two or more development histories together\n   rebase    Reapply commits on top of another base tip\n   reset     Reset current HEAD to the specified state\n   switch    Switch branches\n   tag       Create, list, delete or verify a tag object signed with GPG\n\ncollaborate (see also: git help workflows)\n   fetch     Download objects and refs from another repository\n   pull      Fetch from and integrate with another repository or a local branch\n   push      Update remote refs along with associated objects\n\n'git help -a' and 'git help -g' list available subcommands and some\nconcept guides. See 'git help <command>' or 'git help <concept>'\nto read about a specific subcommand or concept.\nSee 'git help git' for an overview of the system.\n""
[0m13:27:48.636811 [debug] [MainThread]: STDERR: "b''"
[0m13:27:48.636811 [info ] [MainThread]:  - git [[32mOK found[0m]

[0m13:27:48.638125 [info ] [MainThread]: Connection:
[0m13:27:48.638928 [info ] [MainThread]:   host: dpg-cpuvggdumphs73c3810g-a.oregon-postgres.render.com
[0m13:27:48.639935 [info ] [MainThread]:   port: 5432
[0m13:27:48.639935 [info ] [MainThread]:   user: postgresdw
[0m13:27:48.640934 [info ] [MainThread]:   database: dw_project_database
[0m13:27:48.640934 [info ] [MainThread]:   schema: public
[0m13:27:48.641933 [info ] [MainThread]:   connect_timeout: 10
[0m13:27:48.642933 [info ] [MainThread]:   role: None
[0m13:27:48.642933 [info ] [MainThread]:   search_path: None
[0m13:27:48.644937 [info ] [MainThread]:   keepalives_idle: 0
[0m13:27:48.645945 [info ] [MainThread]:   sslmode: None
[0m13:27:48.646936 [info ] [MainThread]:   sslcert: None
[0m13:27:48.647937 [info ] [MainThread]:   sslkey: None
[0m13:27:48.649939 [info ] [MainThread]:   sslrootcert: None
[0m13:27:48.651089 [info ] [MainThread]:   application_name: dbt
[0m13:27:48.652090 [info ] [MainThread]:   retries: 1
[0m13:27:48.654092 [info ] [MainThread]: Registered adapter: postgres=1.8.2
[0m13:27:48.655091 [debug] [MainThread]: Acquiring new postgres connection 'debug'
[0m13:27:48.777177 [debug] [MainThread]: Using postgres connection "debug"
[0m13:27:48.777177 [debug] [MainThread]: On debug: select 1 as id
[0m13:27:48.778176 [debug] [MainThread]: Opening a new connection, currently in state init
[0m13:27:49.597517 [debug] [MainThread]: Postgres adapter: Got a retryable error when attempting to open a postgres connection.
1 attempts remaining. Retrying in 0 seconds.
Error:
connection to server at "dpg-cpuvggdumphs73c3810g-a.oregon-postgres.render.com" (35.227.164.209), port 5432 failed: SSL connection has been closed unexpectedly

[0m13:27:50.420269 [debug] [MainThread]: Postgres adapter: Error running SQL: select 1 as id
[0m13:27:50.423260 [debug] [MainThread]: Postgres adapter: Rolling back transaction.
[0m13:27:50.425661 [debug] [MainThread]: On debug: No close available on handle
[0m13:27:50.428659 [info ] [MainThread]:   Connection test: [[31mERROR[0m]

[0m13:27:50.431704 [info ] [MainThread]: [31m2 checks failed:[0m
[0m13:27:50.432665 [info ] [MainThread]: Project loading failed for the following reason:
 project path <C:\Users\eujai\repos\dw_zero_project\dbt_project.yml> not found

[0m13:27:50.435661 [info ] [MainThread]: dbt was unable to connect to the specified database.
The database returned the following error:

  >Database Error
  connection to server at "dpg-cpuvggdumphs73c3810g-a.oregon-postgres.render.com" (35.227.164.209), port 5432 failed: SSL connection has been closed unexpectedly
  

Check your database credentials and try again. For more information, visit:
https://docs.getdbt.com/docs/configure-your-profile


[0m13:27:50.439687 [debug] [MainThread]: Command `dbt debug` failed at 13:27:50.439687 after 2.08 seconds
[0m13:27:50.440683 [debug] [MainThread]: Connection 'debug' was properly closed.
[0m13:27:50.441689 [debug] [MainThread]: Sending event: {'category': 'dbt', 'action': 'invocation', 'label': 'end', 'context': [<snowplow_tracker.self_describing_json.SelfDescribingJson object at 0x0000025347D44500>, <snowplow_tracker.self_describing_json.SelfDescribingJson object at 0x0000025348775280>, <snowplow_tracker.self_describing_json.SelfDescribingJson object at 0x00000253480F8C50>]}
[0m13:27:50.442661 [debug] [MainThread]: Flushing usage events
[0m13:37:46.370025 [debug] [MainThread]: Sending event: {'category': 'dbt', 'action': 'invocation', 'label': 'start', 'context': [<snowplow_tracker.self_describing_json.SelfDescribingJson object at 0x00000220D5417AA0>, <snowplow_tracker.self_describing_json.SelfDescribingJson object at 0x00000220D533F5C0>, <snowplow_tracker.self_describing_json.SelfDescribingJson object at 0x00000220D7CF5190>]}


============================== 13:37:46.373985 | 2fc5d227-0e9e-473a-b756-745b00de93fe ==============================
[0m13:37:46.373985 [info ] [MainThread]: Running with dbt=1.8.3
[0m13:37:46.375092 [debug] [MainThread]: running dbt with arguments {'printer_width': '80', 'indirect_selection': 'eager', 'write_json': 'True', 'log_cache_events': 'False', 'partial_parse': 'True', 'cache_selected_only': 'False', 'profiles_dir': 'C:\\Users\\eujai\\.dbt', 'version_check': 'True', 'fail_fast': 'False', 'log_path': 'logs', 'warn_error': 'None', 'debug': 'False', 'use_colors': 'True', 'use_experimental_parser': 'False', 'empty': 'None', 'quiet': 'False', 'no_print': 'None', 'log_format': 'default', 'static_parser': 'True', 'introspect': 'True', 'invocation_command': 'dbt debug', 'target_path': 'None', 'warn_error_options': 'WarnErrorOptions(include=[], exclude=[])', 'send_anonymous_usage_stats': 'True'}
[0m13:37:46.398109 [info ] [MainThread]: dbt version: 1.8.3
[0m13:37:46.399109 [info ] [MainThread]: python version: 3.12.1
[0m13:37:46.400109 [info ] [MainThread]: python path: C:\Users\eujai\repos\dw_zero_project\.venv\Scripts\python.exe
[0m13:37:46.400109 [info ] [MainThread]: os info: Windows-11-10.0.22631-SP0
[0m13:37:46.478021 [info ] [MainThread]: Using profiles dir at C:\Users\eujai\.dbt
[0m13:37:46.479020 [info ] [MainThread]: Using profiles.yml file at C:\Users\eujai\.dbt\profiles.yml
[0m13:37:46.480021 [info ] [MainThread]: Using dbt_project.yml file at C:\Users\eujai\repos\dw_zero_project\dbt_project.yml
[0m13:37:46.481018 [info ] [MainThread]: adapter type: postgres
[0m13:37:46.482020 [info ] [MainThread]: adapter version: 1.8.2
[0m13:37:46.483021 [info ] [MainThread]: Configuration:
[0m13:37:46.483021 [info ] [MainThread]:   profiles.yml file [[32mOK found and valid[0m]
[0m13:37:46.484021 [info ] [MainThread]:   dbt_project.yml file [[31mERROR not found[0m]
[0m13:37:46.484021 [info ] [MainThread]: Required dependencies:
[0m13:37:46.485020 [debug] [MainThread]: Executing "git --help"
[0m13:37:46.519029 [debug] [MainThread]: STDOUT: "b"usage: git [--version] [--help] [-C <path>] [-c <name>=<value>]\n           [--exec-path[=<path>]] [--html-path] [--man-path] [--info-path]\n           [-p | --paginate | -P | --no-pager] [--no-replace-objects] [--bare]\n           [--git-dir=<path>] [--work-tree=<path>] [--namespace=<name>]\n           [--super-prefix=<path>] [--config-env=<name>=<envvar>]\n           <command> [<args>]\n\nThese are common Git commands used in various situations:\n\nstart a working area (see also: git help tutorial)\n   clone     Clone a repository into a new directory\n   init      Create an empty Git repository or reinitialize an existing one\n\nwork on the current change (see also: git help everyday)\n   add       Add file contents to the index\n   mv        Move or rename a file, a directory, or a symlink\n   restore   Restore working tree files\n   rm        Remove files from the working tree and from the index\n\nexamine the history and state (see also: git help revisions)\n   bisect    Use binary search to find the commit that introduced a bug\n   diff      Show changes between commits, commit and working tree, etc\n   grep      Print lines matching a pattern\n   log       Show commit logs\n   show      Show various types of objects\n   status    Show the working tree status\n\ngrow, mark and tweak your common history\n   branch    List, create, or delete branches\n   commit    Record changes to the repository\n   merge     Join two or more development histories together\n   rebase    Reapply commits on top of another base tip\n   reset     Reset current HEAD to the specified state\n   switch    Switch branches\n   tag       Create, list, delete or verify a tag object signed with GPG\n\ncollaborate (see also: git help workflows)\n   fetch     Download objects and refs from another repository\n   pull      Fetch from and integrate with another repository or a local branch\n   push      Update remote refs along with associated objects\n\n'git help -a' and 'git help -g' list available subcommands and some\nconcept guides. See 'git help <command>' or 'git help <concept>'\nto read about a specific subcommand or concept.\nSee 'git help git' for an overview of the system.\n""
[0m13:37:46.519029 [debug] [MainThread]: STDERR: "b''"
[0m13:37:46.520029 [info ] [MainThread]:  - git [[32mOK found[0m]

[0m13:37:46.520029 [info ] [MainThread]: Connection:
[0m13:37:46.521029 [info ] [MainThread]:   host: dpg-cs9sqb3qf0us739mifhg-a.oregon-postgres.render.com
[0m13:37:46.521029 [info ] [MainThread]:   port: 5432
[0m13:37:46.522028 [info ] [MainThread]:   user: postgresdw
[0m13:37:46.522028 [info ] [MainThread]:   database: dbsales_hb3z
[0m13:37:46.523027 [info ] [MainThread]:   schema: public
[0m13:37:46.523027 [info ] [MainThread]:   connect_timeout: 10
[0m13:37:46.524029 [info ] [MainThread]:   role: None
[0m13:37:46.525163 [info ] [MainThread]:   search_path: None
[0m13:37:46.526170 [info ] [MainThread]:   keepalives_idle: 0
[0m13:37:46.527170 [info ] [MainThread]:   sslmode: None
[0m13:37:46.528167 [info ] [MainThread]:   sslcert: None
[0m13:37:46.529164 [info ] [MainThread]:   sslkey: None
[0m13:37:46.529164 [info ] [MainThread]:   sslrootcert: None
[0m13:37:46.530164 [info ] [MainThread]:   application_name: dbt
[0m13:37:46.530164 [info ] [MainThread]:   retries: 1
[0m13:37:46.531166 [info ] [MainThread]: Registered adapter: postgres=1.8.2
[0m13:37:46.533177 [debug] [MainThread]: Acquiring new postgres connection 'debug'
[0m13:37:46.601177 [debug] [MainThread]: Using postgres connection "debug"
[0m13:37:46.601177 [debug] [MainThread]: On debug: select 1 as id
[0m13:37:46.601177 [debug] [MainThread]: Opening a new connection, currently in state init
[0m13:37:48.287840 [debug] [MainThread]: Postgres adapter: Got a retryable error when attempting to open a postgres connection.
1 attempts remaining. Retrying in 0 seconds.
Error:
connection to server at "dpg-cs9sqb3qf0us739mifhg-a.oregon-postgres.render.com" (35.227.164.209), port 5432 failed: FATAL:  password authentication failed for user "postgresdw"
connection to server at "dpg-cs9sqb3qf0us739mifhg-a.oregon-postgres.render.com" (35.227.164.209), port 5432 failed: server closed the connection unexpectedly
	This probably means the server terminated abnormally
	before or while processing the request.

[0m13:37:50.022933 [debug] [MainThread]: Postgres adapter: Error running SQL: select 1 as id
[0m13:37:50.022933 [debug] [MainThread]: Postgres adapter: Rolling back transaction.
[0m13:37:50.023944 [debug] [MainThread]: On debug: No close available on handle
[0m13:37:50.024942 [info ] [MainThread]:   Connection test: [[31mERROR[0m]

[0m13:37:50.026132 [info ] [MainThread]: [31m2 checks failed:[0m
[0m13:37:50.027083 [info ] [MainThread]: Project loading failed for the following reason:
 project path <C:\Users\eujai\repos\dw_zero_project\dbt_project.yml> not found

[0m13:37:50.028084 [info ] [MainThread]: dbt was unable to connect to the specified database.
The database returned the following error:

  >Database Error
  connection to server at "dpg-cs9sqb3qf0us739mifhg-a.oregon-postgres.render.com" (35.227.164.209), port 5432 failed: FATAL:  password authentication failed for user "postgresdw"
  connection to server at "dpg-cs9sqb3qf0us739mifhg-a.oregon-postgres.render.com" (35.227.164.209), port 5432 failed: server closed the connection unexpectedly
  	This probably means the server terminated abnormally
  	before or while processing the request.
  

Check your database credentials and try again. For more information, visit:
https://docs.getdbt.com/docs/configure-your-profile


[0m13:37:50.031087 [debug] [MainThread]: Command `dbt debug` failed at 13:37:50.031087 after 3.77 seconds
[0m13:37:50.032086 [debug] [MainThread]: Connection 'debug' was properly closed.
[0m13:37:50.032086 [debug] [MainThread]: Sending event: {'category': 'dbt', 'action': 'invocation', 'label': 'end', 'context': [<snowplow_tracker.self_describing_json.SelfDescribingJson object at 0x00000220D7617800>, <snowplow_tracker.self_describing_json.SelfDescribingJson object at 0x00000220D7D88C50>, <snowplow_tracker.self_describing_json.SelfDescribingJson object at 0x00000220D533F5C0>]}
[0m13:37:50.033083 [debug] [MainThread]: Flushing usage events
[0m13:48:06.580053 [debug] [MainThread]: Sending event: {'category': 'dbt', 'action': 'invocation', 'label': 'start', 'context': [<snowplow_tracker.self_describing_json.SelfDescribingJson object at 0x000001A6BC065040>, <snowplow_tracker.self_describing_json.SelfDescribingJson object at 0x000001A6BB773BF0>, <snowplow_tracker.self_describing_json.SelfDescribingJson object at 0x000001A6BB7703B0>]}


============================== 13:48:06.580053 | c9e7e39c-ed19-4f17-8258-c8c43b66d318 ==============================
[0m13:48:06.580053 [info ] [MainThread]: Running with dbt=1.8.3
[0m13:48:06.580053 [debug] [MainThread]: running dbt with arguments {'printer_width': '80', 'indirect_selection': 'eager', 'write_json': 'True', 'log_cache_events': 'False', 'partial_parse': 'True', 'cache_selected_only': 'False', 'warn_error': 'None', 'version_check': 'True', 'debug': 'False', 'log_path': 'logs', 'fail_fast': 'False', 'profiles_dir': 'C:\\Users\\eujai\\.dbt', 'use_colors': 'True', 'use_experimental_parser': 'False', 'empty': 'None', 'quiet': 'False', 'no_print': 'None', 'warn_error_options': 'WarnErrorOptions(include=[], exclude=[])', 'static_parser': 'True', 'log_format': 'default', 'invocation_command': 'dbt debug', 'target_path': 'None', 'introspect': 'True', 'send_anonymous_usage_stats': 'True'}
[0m13:48:06.595678 [info ] [MainThread]: dbt version: 1.8.3
[0m13:48:06.595678 [info ] [MainThread]: python version: 3.12.1
[0m13:48:06.595678 [info ] [MainThread]: python path: C:\Users\eujai\repos\dw_zero_project\.venv\Scripts\python.exe
[0m13:48:06.595678 [info ] [MainThread]: os info: Windows-11-10.0.22631-SP0
[0m13:48:06.666870 [info ] [MainThread]: Using profiles dir at C:\Users\eujai\.dbt
[0m13:48:06.667946 [info ] [MainThread]: Using profiles.yml file at C:\Users\eujai\.dbt\profiles.yml
[0m13:48:06.667946 [info ] [MainThread]: Using dbt_project.yml file at C:\Users\eujai\repos\dw_zero_project\dbt_project.yml
[0m13:48:06.667946 [info ] [MainThread]: adapter type: postgres
[0m13:48:06.667946 [info ] [MainThread]: adapter version: 1.8.2
[0m13:48:06.667946 [info ] [MainThread]: Configuration:
[0m13:48:06.667946 [info ] [MainThread]:   profiles.yml file [[32mOK found and valid[0m]
[0m13:48:06.667946 [info ] [MainThread]:   dbt_project.yml file [[31mERROR not found[0m]
[0m13:48:06.667946 [info ] [MainThread]: Required dependencies:
[0m13:48:06.667946 [debug] [MainThread]: Executing "git --help"
[0m13:48:06.696302 [debug] [MainThread]: STDOUT: "b"usage: git [--version] [--help] [-C <path>] [-c <name>=<value>]\n           [--exec-path[=<path>]] [--html-path] [--man-path] [--info-path]\n           [-p | --paginate | -P | --no-pager] [--no-replace-objects] [--bare]\n           [--git-dir=<path>] [--work-tree=<path>] [--namespace=<name>]\n           [--super-prefix=<path>] [--config-env=<name>=<envvar>]\n           <command> [<args>]\n\nThese are common Git commands used in various situations:\n\nstart a working area (see also: git help tutorial)\n   clone     Clone a repository into a new directory\n   init      Create an empty Git repository or reinitialize an existing one\n\nwork on the current change (see also: git help everyday)\n   add       Add file contents to the index\n   mv        Move or rename a file, a directory, or a symlink\n   restore   Restore working tree files\n   rm        Remove files from the working tree and from the index\n\nexamine the history and state (see also: git help revisions)\n   bisect    Use binary search to find the commit that introduced a bug\n   diff      Show changes between commits, commit and working tree, etc\n   grep      Print lines matching a pattern\n   log       Show commit logs\n   show      Show various types of objects\n   status    Show the working tree status\n\ngrow, mark and tweak your common history\n   branch    List, create, or delete branches\n   commit    Record changes to the repository\n   merge     Join two or more development histories together\n   rebase    Reapply commits on top of another base tip\n   reset     Reset current HEAD to the specified state\n   switch    Switch branches\n   tag       Create, list, delete or verify a tag object signed with GPG\n\ncollaborate (see also: git help workflows)\n   fetch     Download objects and refs from another repository\n   pull      Fetch from and integrate with another repository or a local branch\n   push      Update remote refs along with associated objects\n\n'git help -a' and 'git help -g' list available subcommands and some\nconcept guides. See 'git help <command>' or 'git help <concept>'\nto read about a specific subcommand or concept.\nSee 'git help git' for an overview of the system.\n""
[0m13:48:06.696302 [debug] [MainThread]: STDERR: "b''"
[0m13:48:06.696302 [info ] [MainThread]:  - git [[32mOK found[0m]

[0m13:48:06.701266 [info ] [MainThread]: Connection:
[0m13:48:06.702275 [info ] [MainThread]:   host: dpg-cs9sqb3qf0us739mifhg-a.oregon-postgres.render.com
[0m13:48:06.702275 [info ] [MainThread]:   port: 5432
[0m13:48:06.702275 [info ] [MainThread]:   user: postgresdw
[0m13:48:06.702275 [info ] [MainThread]:   database: dbsales_hb3z
[0m13:48:06.702275 [info ] [MainThread]:   schema: public
[0m13:48:06.702275 [info ] [MainThread]:   connect_timeout: 10
[0m13:48:06.706651 [info ] [MainThread]:   role: None
[0m13:48:06.706651 [info ] [MainThread]:   search_path: None
[0m13:48:06.707691 [info ] [MainThread]:   keepalives_idle: 0
[0m13:48:06.707691 [info ] [MainThread]:   sslmode: None
[0m13:48:06.708700 [info ] [MainThread]:   sslcert: None
[0m13:48:06.708700 [info ] [MainThread]:   sslkey: None
[0m13:48:06.709699 [info ] [MainThread]:   sslrootcert: None
[0m13:48:06.709699 [info ] [MainThread]:   application_name: dbt
[0m13:48:06.710700 [info ] [MainThread]:   retries: 1
[0m13:48:06.711699 [info ] [MainThread]: Registered adapter: postgres=1.8.2
[0m13:48:06.712788 [debug] [MainThread]: Acquiring new postgres connection 'debug'
[0m13:48:06.776102 [debug] [MainThread]: Using postgres connection "debug"
[0m13:48:06.776102 [debug] [MainThread]: On debug: select 1 as id
[0m13:48:06.776102 [debug] [MainThread]: Opening a new connection, currently in state init
[0m13:48:08.565526 [debug] [MainThread]: SQL status: SELECT 1 in 2.0 seconds
[0m13:48:08.565526 [debug] [MainThread]: On debug: Close
[0m13:48:08.565526 [info ] [MainThread]:   Connection test: [[32mOK connection ok[0m]

[0m13:48:08.565526 [info ] [MainThread]: [31m1 check failed:[0m
[0m13:48:08.565526 [info ] [MainThread]: Project loading failed for the following reason:
 project path <C:\Users\eujai\repos\dw_zero_project\dbt_project.yml> not found

[0m13:48:08.582105 [debug] [MainThread]: Command `dbt debug` failed at 13:48:08.581448 after 2.10 seconds
[0m13:48:08.582105 [debug] [MainThread]: Connection 'debug' was properly closed.
[0m13:48:08.583543 [debug] [MainThread]: Sending event: {'category': 'dbt', 'action': 'invocation', 'label': 'end', 'context': [<snowplow_tracker.self_describing_json.SelfDescribingJson object at 0x000001A6BBFEBEF0>, <snowplow_tracker.self_describing_json.SelfDescribingJson object at 0x000001A6BB8F3410>, <snowplow_tracker.self_describing_json.SelfDescribingJson object at 0x000001A6BBF91F10>]}
[0m13:48:08.583543 [debug] [MainThread]: Flushing usage events
